app/proguard-rules.pro
-keepattributes *Annotation*
-keep class com.pesetas.data.local.entity.** { *; }
-keep class com.pesetas.data.backup.dto.** { *; }