app/build/outputs/mapping/release/seeds.txt
com.pesetas.data.local.PesetasDatabase
com.pesetas.ui.transactions.editor.TransactionEditorViewModel
com.pesetas.ui.accounts.AccountsViewModel
com.pesetas.data.local.entity.AccountEntity
com.pesetas.PesetasApplication_GeneratedInjector
com.pesetas.ui.categories.CategoriesViewModel
com.pesetas.ui.accounts.editor.AccountEditorViewModel
com.pesetas.ui.settings.SettingsViewModel
com.pesetas.data.local.PesetasDatabase_Impl
com.pesetas.ui.home.HomeViewModel
com.pesetas.MainActivity
com.pesetas.MainActivity_GeneratedInjector
com.pesetas.ui.statistics.StatisticsViewModel
com.pesetas.data.local.entity.TransactionEntity
com.pesetas.data.local.entity.CategoryEntity
com.pesetas.ui.categories.editor.CategoryEditorViewModel
com.pesetas.PesetasApplication
com.pesetas.ui.transfer.TransferViewModel
com.pesetas.ui.AppViewModel
com.pesetas.ui.transactions.TransactionsViewModel
com.pesetas.data.local.entity.AccountEntity: double initialBalance
com.pesetas.data.local.entity.TransactionEntity: java.lang.String note
com.pesetas.data.local.entity.AccountEntity: int $stable
com.pesetas.data.local.entity.CategoryEntity: com.pesetas.domain.model.CategoryType type
com.pesetas.data.local.entity.TransactionEntity: com.pesetas.domain.model.TransactionType type
com.pesetas.data.local.entity.CategoryEntity: int position
com.pesetas.data.local.entity.TransactionEntity: long accountId
com.pesetas.data.local.entity.CategoryEntity: int $stable
com.pesetas.data.local.entity.AccountEntity: long id
com.pesetas.data.local.entity.CategoryEntity: int colorArgb
com.pesetas.data.local.entity.TransactionEntity: double amount
com.pesetas.data.local.entity.CategoryEntity: long id
com.pesetas.data.local.entity.CategoryEntity: java.lang.String iconKey
com.pesetas.data.local.entity.AccountEntity: int colorArgb
com.pesetas.data.local.entity.TransactionEntity: java.lang.Long categoryId
com.pesetas.data.local.entity.TransactionEntity: int $stable
com.pesetas.data.local.entity.CategoryEntity: java.lang.String name
com.pesetas.data.local.entity.AccountEntity: java.lang.String name
com.pesetas.data.local.entity.AccountEntity: int position
com.pesetas.data.local.entity.AccountEntity: java.lang.String iconKey
com.pesetas.data.local.entity.TransactionEntity: long dateEpochDay
com.pesetas.data.local.entity.TransactionEntity: long id
com.pesetas.data.local.entity.TransactionEntity: java.lang.Long transferAccountId
com.pesetas.data.local.entity.CategoryEntity: CategoryEntity(long,java.lang.String,java.lang.String,int,com.pesetas.domain.model.CategoryType,int)
com.pesetas.data.local.entity.TransactionEntity: TransactionEntity(long,double,long,com.pesetas.domain.model.TransactionType,java.lang.Long,long,java.lang.Long,java.lang.String)
com.pesetas.data.local.entity.AccountEntity: com.pesetas.data.local.entity.AccountEntity copy(long,java.lang.String,java.lang.String,int,double,int)
com.pesetas.data.local.entity.TransactionEntity: long getAccountId()
com.pesetas.domain.model.TransactionType: com.pesetas.domain.model.TransactionType valueOf(java.lang.String)
com.pesetas.data.local.entity.CategoryEntity: boolean equals(java.lang.Object)
com.pesetas.data.local.entity.TransactionEntity: double component2()
com.pesetas.data.local.entity.AccountEntity: java.lang.String getIconKey()
com.pesetas.ui.navigation.TopLevelDestination: com.pesetas.ui.navigation.TopLevelDestination valueOf(java.lang.String)
com.pesetas.data.local.entity.TransactionEntity: com.pesetas.data.local.entity.TransactionEntity copy$default(com.pesetas.data.local.entity.TransactionEntity,long,double,long,com.pesetas.domain.model.TransactionType,java.lang.Long,long,java.lang.Long,java.lang.String,int,java.lang.Object)
com.pesetas.data.local.PesetasDatabase_Impl: PesetasDatabase_Impl()
com.pesetas.data.local.PesetasDatabase: PesetasDatabase()
com.pesetas.data.local.entity.TransactionEntity: long getDateEpochDay()
com.pesetas.data.local.entity.TransactionEntity: long component3()
...
kotlin.DeprecationLevel: kotlin.DeprecationLevel valueOf(java.lang.String)
androidx.compose.ui.node.LayoutNode$LayoutState: androidx.compose.ui.node.LayoutNode$LayoutState valueOf(java.lang.String)
androidx.compose.foundation.Api31Impl: float getDistance(android.widget.EdgeEffect)
androidx.core.view.WindowInsetsCompat$Impl: void setRootViewData(androidx.core.graphics.Insets)
androidx.compose.ui.text.android.CanvasCompatO: boolean clipOutRect(android.graphics.Canvas,int,int,int,int)
androidx.graphics.path.PathIteratorPreApi34Impl: boolean internalPathIteratorHasNext(long)
androidx.appcompat.widget.Toolbar: android.view.MenuInflater getMenuInflater()
androidx.appcompat.widget.Toolbar: int getCurrentContentInsetRight()
androidx.core.widget.NestedScrollView: int getNestedScrollAxes()
androidx.compose.ui.autofill.AutofillType: androidx.compose.ui.autofill.AutofillType[] values()
androidx.compose.ui.platform.actionmodecallback.MenuItemOption: androidx.compose.ui.platform.actionmodecallback.MenuItemOption[] values()
androidx.appcompat.widget.Toolbar: void setSubtitle(java.lang.CharSequence)
androidx.appcompat.widget.AppCompatButton: int getAutoSizeMaxTextSize()
androidx.appcompat.widget.AppCompatSpinner: void setAdapter(android.widget.SpinnerAdapter)
androidx.core.view.ViewCompat$Api21Impl: java.lang.String getTransitionName(android.view.View)
androidx.core.view.WindowInsetsCompat$Impl20: boolean isVisible(int)
androidx.compose.ui.platform.AndroidComposeView: androidx.compose.ui.focus.FocusOwner getFocusOwner()
androidx.appcompat.widget.ActionBarOverlayLayout: void setWindowCallback(android.view.Window$Callback)
androidx.core.view.WindowInsetsCompat$Impl: void setOverriddenInsets(androidx.core.graphics.Insets[])
androidx.compose.foundation.text.input.internal.CursorAnchorInfoApi33Helper: android.view.inputmethod.CursorAnchorInfo$Builder setEditorBoundsInfo(android.view.inputmethod.CursorAnchorInfo$Builder,androidx.compose.ui.geometry.Rect)
androidx.compose.ui.input.pointer.PointerEventPass: androidx.compose.ui.input.pointer.PointerEventPass valueOf(java.lang.String)
androidx.appcompat.widget.AppCompatTextView: int getAutoSizeStepGranularity()
androidx.compose.ui.text.android.AndroidLayoutApi34: int[] getRangeForRect$ui_text_release(androidx.compose.ui.text.android.TextLayout,android.graphics.RectF,int,kotlin.jvm.functions.Function2)
androidx.activity.EdgeToEdgeApi28: void adjustLayoutInDisplayCutoutMode(android.view.Window)
androidx.compose.ui.platform.coreshims.ViewStructureCompat$Api23Impl: void setContentDescription(android.view.ViewStructure,java.lang.CharSequence)
androidx.compose.ui.platform.AndroidComposeView: androidx.compose.ui.unit.Density getDensity()
androidx.compose.foundation.Api31Impl: android.widget.EdgeEffect create(android.content.Context,android.util.AttributeSet)
androidx.compose.ui.graphics.ColorSpaceVerificationHelper: android.graphics.ColorSpace androidColorSpace(androidx.compose.ui.graphics.colorspace.ColorSpace)
androidx.core.view.ViewCompat$Api28Impl: boolean isScreenReaderFocusable(android.view.View)
androidx.biometric.CryptoObjectUtils$Api30Impl: android.security.identity.IdentityCredential getIdentityCredential(android.hardware.biometrics.BiometricPrompt$CryptoObject)
androidx.core.view.WindowInsetsCompat$Impl29: androidx.core.view.WindowInsetsCompat inset(int,int,int,int)
androidx.biometric.FingerprintDialogFragment: FingerprintDialogFragment()
androidx.compose.ui.platform.AndroidComposeViewAssistHelperMethodsO: void setClassName(android.view.ViewStructure,android.view.View)
androidx.fragment.app.FragmentContainerView: void setDrawDisappearingViewsLast(boolean)
androidx.appcompat.widget.Toolbar: int getCurrentContentInsetLeft()
androidx.appcompat.widget.SearchView: SearchView(android.content.Context,android.util.AttributeSet,int)
kotlin.LazyThreadSafetyMode: kotlin.LazyThreadSafetyMode[] values()
androidx.lifecycle.ReportFragment$LifecycleCallbacks: void onActivityPostStarted(android.app.Activity)