app/build/outputs/mapping/release/usage.txt
com.pesetas.DaggerPesetasApplication_HiltComponents_SingletonC$ActivityCImpl:
    public dagger.hilt.android.internal.builders.FragmentComponentBuilder fragmentComponentBuilder()
    public dagger.hilt.android.internal.builders.ViewComponentBuilder viewComponentBuilder()
com.pesetas.DaggerPesetasApplication_HiltComponents_SingletonC$FragmentCBuilder
com.pesetas.DaggerPesetasApplication_HiltComponents_SingletonC$FragmentCImpl
com.pesetas.DaggerPesetasApplication_HiltComponents_SingletonC$ServiceCBuilder
com.pesetas.DaggerPesetasApplication_HiltComponents_SingletonC$ServiceCImpl
com.pesetas.DaggerPesetasApplication_HiltComponents_SingletonC$SingletonCImpl:
    public java.util.Set getDisableFragmentGetContextFix()
    public dagger.hilt.android.internal.builders.ServiceComponentBuilder serviceComponentBuilder()
com.pesetas.DaggerPesetasApplication_HiltComponents_SingletonC$ViewCBuilder
com.pesetas.DaggerPesetasApplication_HiltComponents_SingletonC$ViewCImpl
com.pesetas.DaggerPesetasApplication_HiltComponents_SingletonC$ViewWithFragmentCBuilder
com.pesetas.DaggerPesetasApplication_HiltComponents_SingletonC$ViewWithFragmentCImpl
com.pesetas.DaggerPesetasApplication_HiltComponents_SingletonC:
    private void <init>()
com.pesetas.Hilt_MainActivity:
    void <init>(int)
    public synthetic bridge dagger.hilt.internal.GeneratedComponentManager componentManager()
com.pesetas.Hilt_PesetasApplication:
    public synthetic bridge dagger.hilt.internal.GeneratedComponentManager componentManager()
com.pesetas.MainActivity:
    public static final int $stable
com.pesetas.PesetasApplication:
    public static final int $stable
com.pesetas.PesetasApplication_ComponentTreeDeps
com.pesetas.PesetasApplication_HiltComponents$ActivityC$Builder
com.pesetas.PesetasApplication_HiltComponents$ActivityCBuilderModule
com.pesetas.PesetasApplication_HiltComponents$ActivityRetainedC$Builder
com.pesetas.PesetasApplication_HiltComponents$ActivityRetainedCBuilderModule
com.pesetas.PesetasApplication_HiltComponents$FragmentC$Builder
com.pesetas.PesetasApplication_HiltComponents$FragmentC
com.pesetas.PesetasApplication_HiltComponents$FragmentCBuilderModule
com.pesetas.PesetasApplication_HiltComponents$ServiceC$Builder
com.pesetas.PesetasApplication_HiltComponents$ServiceC
com.pesetas.PesetasApplication_HiltComponents$ServiceCBuilderModule
com.pesetas.PesetasApplication_HiltComponents$ViewC$Builder
com.pesetas.PesetasApplication_HiltComponents$ViewC
com.pesetas.PesetasApplication_HiltComponents$ViewCBuilderModule
com.pesetas.PesetasApplication_HiltComponents$ViewModelC$Builder
com.pesetas.PesetasApplication_HiltComponents$ViewModelCBuilderModule
com.pesetas.PesetasApplication_HiltComponents$ViewWithFragmentC$Builder
com.pesetas.PesetasApplication_HiltComponents$ViewWithFragmentC
com.pesetas.PesetasApplication_HiltComponents$ViewWithFragmentCBuilderModule
com.pesetas.PesetasApplication_HiltComponents
com.pesetas.R$color
com.pesetas.R$drawable:
    private void <init>()
com.pesetas.R$mipmap
com.pesetas.R$string
com.pesetas.R$style
com.pesetas.R$xml
com.pesetas.R
com.pesetas.data.backup.BackupManager_Factory
com.pesetas.data.backup.CsvBuilder:
    public static final int $stable
com.pesetas.data.local.Converters:
    public static final int $stable
com.pesetas.data.local.DefaultData$SeedAccount:
    public static final int $stable
    public final java.lang.String component1()
    public final java.lang.String component2()
    public final int component3()
    public final double component4()
    public final int component5()
    public final com.pesetas.data.local.DefaultData$SeedAccount copy(java.lang.String,java.lang.String,int,double,int)
    public static synthetic com.pesetas.data.local.DefaultData$SeedAccount copy$default(com.pesetas.data.local.DefaultData$SeedAccount,java.lang.String,java.lang.String,int,double,int,int,java.lang.Object)
...
androidx.compose.material.icons.twotone.StorageKt
androidx.compose.material.icons.twotone.StoreKt
androidx.compose.material.icons.twotone.StoreMallDirectoryKt
androidx.compose.material.icons.twotone.StorefrontKt
androidx.compose.material.icons.twotone.StormKt
androidx.compose.material.icons.twotone.StraightKt
androidx.compose.material.icons.twotone.StraightenKt
androidx.compose.material.icons.twotone.StreamKt
androidx.compose.material.icons.twotone.StreetviewKt
androidx.compose.material.icons.twotone.StrikethroughSKt
androidx.compose.material.icons.twotone.StrollerKt
androidx.compose.material.icons.twotone.StyleKt
androidx.compose.material.icons.twotone.SubdirectoryArrowLeftKt
androidx.compose.material.icons.twotone.SubdirectoryArrowRightKt
androidx.compose.material.icons.twotone.SubjectKt
androidx.compose.material.icons.twotone.SubscriptKt
androidx.compose.material.icons.twotone.SubscriptionsKt
androidx.compose.material.icons.twotone.SubtitlesKt
androidx.compose.material.icons.twotone.SubtitlesOffKt
androidx.compose.material.icons.twotone.SubwayKt
androidx.compose.material.icons.twotone.SummarizeKt
androidx.compose.material.icons.twotone.SuperscriptKt
androidx.compose.material.icons.twotone.SupervisedUserCircleKt
androidx.compose.material.icons.twotone.SupervisorAccountKt
androidx.compose.material.icons.twotone.SupportAgentKt
androidx.compose.material.icons.twotone.SupportKt
androidx.compose.material.icons.twotone.SurfingKt
androidx.compose.material.icons.twotone.SurroundSoundKt
androidx.compose.material.icons.twotone.SwapCallsKt
androidx.compose.material.icons.twotone.SwapHorizKt
androidx.compose.material.icons.twotone.SwapHorizontalCircleKt
androidx.compose.material.icons.twotone.SwapVertKt
androidx.compose.material.icons.twotone.SwapVerticalCircleKt
androidx.compose.material.icons.twotone.SwipeDownAltKt
androidx.compose.material.icons.twotone.SwipeDownKt
androidx.compose.material.icons.twotone.SwipeKt
androidx.compose.material.icons.twotone.SwipeLeftAltKt
androidx.compose.material.icons.twotone.SwipeLeftKt
androidx.compose.material.icons.twotone.SwipeRightAltKt
androidx.compose.material.icons.twotone.SwipeRightKt
androidx.compose.material.icons.twotone.SwipeUpAltKt
androidx.compose.material.icons.twotone.SwipeUpKt
androidx.compose.material.icons.twotone.SwipeVerticalKt
androidx.compose.material.icons.twotone.SwitchAccessShortcutAddKt
androidx.compose.material.icons.twotone.SwitchAccessShortcutKt
androidx.compose.material.icons.twotone.SwitchAccountKt
androidx.compose.material.icons.twotone.SwitchCameraKt
androidx.compose.material.icons.twotone.SwitchLeftKt
androidx.compose.material.icons.twotone.SwitchRightKt
androidx.compose.material.icons.twotone.SwitchVideoKt
androidx.compose.material.icons.twotone.SynagogueKt
androidx.compose.material.icons.twotone.SyncAltKt
androidx.compose.material.icons.twotone.SyncDisabledKt
androidx.compose.material.icons.twotone.SyncKt
androidx.compose.material.icons.twotone.SyncLockKt
androidx.compose.material.icons.twotone.SyncProblemKt
androidx.compose.material.icons.twotone.SystemSecurityUpdateGoodKt
androidx.compose.material.icons.twotone.SystemSecurityUpdateKt
androidx.compose.material.icons.twotone.SystemSecurityUpdateWarningKt
androidx.compose.material.icons.twotone.SystemUpdateAltKt
androidx.compose.material.icons.twotone.SystemUpdateKt
androidx.compose.material.icons.twotone.TabKt
androidx.compose.material.icons.twotone.TabUnselectedKt
androidx.compose.material.icons.twotone.TableBarKt
androidx.compose.material.icons.twotone.TableChartKt
androidx.compose.material.icons.twotone.TableRestaurantKt
androidx.compose.material.icons.twotone.TableRowsKt
androidx.compose.material.icons.twotone.TableViewKt
androidx.compose.material.icons.twotone.TabletAndroidKt
androidx.compose.material.icons.twotone.TabletKt
androidx.compose.material.icons.twotone.TabletMacKt
androidx.compose.material.icons.twotone.TagFacesKt
androidx.compose.material.icons.twotone.TagKt